app/build/intermediates/manifest_merge_blame_file/debug/manifest-merger-blame-debug-report.txt
1<?xml version="1.0" encoding="utf-8"?>
2<manifest xmlns:android="http://schemas.android.com/apk/res/android"
3    package="com.example.cpen321mappost"
4    android:versionCode="1"
5    android:versionName="1.0" >
6
7    <uses-sdk
8        android:minSdkVersion="27"
9        android:targetSdkVersion="33" />
10
11    <uses-feature
11-->src/main/AndroidManifest.xml:5:5-7:36
12        android:name="android.hardware.camera"
12-->src/main/AndroidManifest.xml:6:9-47
13        android:required="false" />
13-->src/main/AndroidManifest.xml:7:9-33
14
15    <uses-permission android:name="android.permission.ACCESS_FINE_LOCATION" />
15-->src/main/AndroidManifest.xml:9:5-79
15-->src/main/AndroidManifest.xml:9:22-76
16    <uses-permission android:name="android.permission.ACCESS_COARSE_LOCATION" />
16-->src/main/AndroidManifest.xml:10:5-81
16-->src/main/AndroidManifest.xml:10:22-78
17    <uses-permission android:name="android.permission.INTERNET" />
17-->src/main/AndroidManifest.xml:11:5-67
17-->src/main/AndroidManifest.xml:11:22-64
18    <uses-permission android:name="android.permission.ACCESS_WIFI_STATE" /> <!-- This permission is for reading data from the user's SD card -->
18-->src/main/AndroidManifest.xml:12:5-76
18-->src/main/AndroidManifest.xml:12:22-73
19    <uses-permission android:name="android.permission.READ_EXTERNAL_STORAGE" /> <!-- If you want to write/save images to the SD card, include this permission -->
19-->src/main/AndroidManifest.xml:13:5-80
19-->src/main/AndroidManifest.xml:13:22-77
20    <uses-permission android:name="android.permission.WRITE_EXTERNAL_STORAGE" /> <!-- If you decide to use camera functionality in the future -->
20-->src/main/AndroidManifest.xml:14:5-81
20-->src/main/AndroidManifest.xml:14:22-78
21    <uses-permission android:name="android.permission.CAMERA" />
21-->src/main/AndroidManifest.xml:15:5-65
21-->src/main/AndroidManifest.xml:15:22-62
22    <uses-permission android:name="android.permission.ACCESS_MEDIA_LOCATION" />
22-->src/main/AndroidManifest.xml:16:5-80
22-->src/main/AndroidManifest.xml:16:22-77
23    <uses-permission android:name="android.permission.ACCESS_NETWORK_STATE" />
23-->src/main/AndroidManifest.xml:17:5-79
23-->src/main/AndroidManifest.xml:17:22-76
24    <uses-permission android:name="android.permission.ACCESS_NOTIFICATION_POLICY" />
24-->src/main/AndroidManifest.xml:18:5-85
24-->src/main/AndroidManifest.xml:18:22-82
25    <uses-permission android:name="android.permission.POST_NOTIFICATIONS" />
25-->src/main/AndroidManifest.xml:19:5-77
25-->src/main/AndroidManifest.xml:19:22-74
26    <uses-permission android:name="android.permission.WAKE_LOCK" /> <!-- Required by older versions of Google Play services to create IID tokens -->
26-->[com.google.firebase:firebase-messaging:23.3.1] AndroidManifest.xml:24:5-68
26-->[com.google.firebase:firebase-messaging:23.3.1] AndroidManifest.xml:24:22-65
27    <uses-permission android:name="com.google.android.c2dm.permission.RECEIVE" />
27-->[com.google.firebase:firebase-messaging:23.3.1] AndroidManifest.xml:26:5-82
27-->[com.google.firebase:firebase-messaging:23.3.1] AndroidManifest.xml:26:22-79
28
29    <uses-feature
29-->[com.google.android.gms:play-services-maps:18.2.0] AndroidManifest.xml:26:5-28:35
30        android:glEsVersion="0x00020000"
30-->[com.google.android.gms:play-services-maps:18.2.0] AndroidManifest.xml:27:9-41
31        android:required="true" />
31-->[com.google.android.gms:play-services-maps:18.2.0] AndroidManifest.xml:28:9-32
32
33    <queries>
33-->[com.google.android.gms:play-services-maps:18.2.0] AndroidManifest.xml:30:5-34:15
34
35        <!-- Needs to be explicitly declared on Android R+ -->
36        <package android:name="com.google.android.apps.maps" />
36-->[com.google.android.gms:play-services-maps:18.2.0] AndroidManifest.xml:33:9-64
36-->[com.google.android.gms:play-services-maps:18.2.0] AndroidManifest.xml:33:18-61
37    </queries>
38
39    <uses-permission android:name="com.google.android.gms.permission.AD_ID" />
39-->[com.google.android.gms:play-services-measurement-api:21.4.0] AndroidManifest.xml:25:5-79
39-->[com.google.android.gms:play-services-measurement-api:21.4.0] AndroidManifest.xml:25:22-76
40    <uses-permission android:name="com.google.android.finsky.permission.BIND_GET_INSTALL_REFERRER_SERVICE" />
40-->[com.google.android.gms:play-services-measurement:21.4.0] AndroidManifest.xml:26:5-110
40-->[com.google.android.gms:play-services-measurement:21.4.0] AndroidManifest.xml:26:22-107
41
42    <permission
42-->[androidx.core:core:1.9.0] AndroidManifest.xml:22:5-24:47
43        android:name="com.example.cpen321mappost.DYNAMIC_RECEIVER_NOT_EXPORTED_PERMISSION"
43-->[androidx.core:core:1.9.0] AndroidManifest.xml:23:9-81
44        android:protectionLevel="signature" />
44-->[androidx.core:core:1.9.0] AndroidManifest.xml:24:9-44
45
46    <uses-permission android:name="com.example.cpen321mappost.DYNAMIC_RECEIVER_NOT_EXPORTED_PERMISSION" />
46-->[androidx.core:core:1.9.0] AndroidManifest.xml:26:5-97
46-->[androidx.core:core:1.9.0] AndroidManifest.xml:26:22-94
47
48    <application
48-->src/main/AndroidManifest.xml:22:5-100:19
49        android:allowBackup="true"
49-->src/main/AndroidManifest.xml:23:9-35
50        android:appComponentFactory="androidx.core.app.CoreComponentFactory"
50-->[androidx.core:core:1.9.0] AndroidManifest.xml:28:18-86
51        android:dataExtractionRules="@xml/data_extraction_rules"
51-->src/main/AndroidManifest.xml:24:9-65
52        android:debuggable="true"
53        android:extractNativeLibs="false"
54        android:fullBackupContent="@xml/backup_rules"
54-->src/main/AndroidManifest.xml:25:9-54
55        android:icon="@mipmap/ic_launcher"
55-->src/main/AndroidManifest.xml:26:9-43
56        android:label="@string/app_name"
56-->src/main/AndroidManifest.xml:27:9-41
57        android:networkSecurityConfig="@xml/network_security_config"
57-->src/main/AndroidManifest.xml:28:9-69
58        android:requestLegacyExternalStorage="true"
58-->src/main/AndroidManifest.xml:29:9-52
59        android:roundIcon="@mipmap/ic_launcher_round"
59-->src/main/AndroidManifest.xml:30:9-54
60        android:supportsRtl="true"
60-->src/main/AndroidManifest.xml:31:9-35
61        android:theme="@style/Theme.Cpen321Mappost" >
61-->src/main/AndroidManifest.xml:32:9-52
62        <activity
62-->src/main/AndroidManifest.xml:33:9-35:40
63            android:name="com.example.cpen321mappost.VisitorPageAvtivity"
63-->src/main/AndroidManifest.xml:34:13-48
64            android:exported="false" />
64-->src/main/AndroidManifest.xml:35:13-37
65        <activity
65-->src/main/AndroidManifest.xml:36:9-38:40
66            android:name="com.example.cpen321mappost.UserListActivity"
66-->src/main/AndroidManifest.xml:37:13-45
67            android:exported="false" />
67-->src/main/AndroidManifest.xml:38:13-37
68        <activity
68-->src/main/AndroidManifest.xml:39:9-41:40
69            android:name="com.example.cpen321mappost.ProfileEditingBirthdateActivity"
69-->src/main/AndroidManifest.xml:40:13-60
70            android:exported="false" />
70-->src/main/AndroidManifest.xml:41:13-37
71        <activity
71-->src/main/AndroidManifest.xml:42:9-44:40
72            android:name="com.example.cpen321mappost.ProfileEditingSpinnerActivity"
72-->src/main/AndroidManifest.xml:43:13-58
73            android:exported="false" />
73-->src/main/AndroidManifest.xml:44:13-37
74        <activity
74-->src/main/AndroidManifest.xml:45:9-47:40
75            android:name="com.example.cpen321mappost.TagActivity"
75-->src/main/AndroidManifest.xml:46:13-40
76            android:exported="false" />
76-->src/main/AndroidManifest.xml:47:13-37
77        <activity
77-->src/main/AndroidManifest.xml:48:9-50:40
78            android:name="com.example.cpen321mappost.SearchActivity"
78-->src/main/AndroidManifest.xml:49:13-43
79            android:exported="false" />
79-->src/main/AndroidManifest.xml:50:13-37
80        <activity
80-->src/main/AndroidManifest.xml:51:9-53:40
81            android:name="com.example.cpen321mappost.PostDetailActivity"
81-->src/main/AndroidManifest.xml:52:13-47
82            android:exported="false" />
82-->src/main/AndroidManifest.xml:53:13-37
83        <activity
83-->src/main/AndroidManifest.xml:54:9-56:40
84            android:name="com.example.cpen321mappost.PostActivity"
84-->src/main/AndroidManifest.xml:55:13-41
85            android:exported="false" />
85-->src/main/AndroidManifest.xml:56:13-37
86        <activity
86-->src/main/AndroidManifest.xml:57:9-59:40
87            android:name="com.example.cpen321mappost.ProfileActivity"
87-->src/main/AndroidManifest.xml:58:13-44
88            android:exported="false" />
88-->src/main/AndroidManifest.xml:59:13-37
89        <activity
89-->src/main/AndroidManifest.xml:60:9-62:40
90            android:name="com.example.cpen321mappost.ProfileEditingActivity"
90-->src/main/AndroidManifest.xml:61:13-51
91            android:exported="false" />
91-->src/main/AndroidManifest.xml:62:13-37
92        <activity
92-->src/main/AndroidManifest.xml:63:9-65:40
93            android:name="com.example.cpen321mappost.PostPreviewListActivity"
93-->src/main/AndroidManifest.xml:64:13-52
94            android:exported="false" />
94-->src/main/AndroidManifest.xml:65:13-37
95        <!--
96             TODO: Before you run your application, you need a Google Maps API key.
97
98             To get one, follow the directions here:
99
100                https://developers.google.com/maps/documentation/android-sdk/get-api-key
101
102             Once you have your API key (it starts with "AIza"), define a new property in your
103             project's local.properties file (e.g. MAPS_API_KEY=Aiza...), and replace the
104             "YOUR_API_KEY" string in this file with "${MAPS_API_KEY}".
105        -->
106        <meta-data
106-->src/main/AndroidManifest.xml:77:9-79:71
107            android:name="com.google.android.geo.API_KEY"
107-->src/main/AndroidManifest.xml:78:13-58
108            android:value="AIzaSyDMJd2AnpLizKJ65exctL30OzaCAAF0zUg" />
108-->src/main/AndroidManifest.xml:79:13-68
109
110        <activity
110-->src/main/AndroidManifest.xml:81:9-84:59
111            android:name="com.example.cpen321mappost.MapsActivity"
111-->src/main/AndroidManifest.xml:82:13-41
112            android:exported="false"
112-->src/main/AndroidManifest.xml:83:13-37
113            android:label="@string/title_activity_maps" />
113-->src/main/AndroidManifest.xml:84:13-56
114        <activity
114-->src/main/AndroidManifest.xml:85:9-87:40
115            android:name="com.example.cpen321mappost.AuthenticationActivity"
115-->src/main/AndroidManifest.xml:86:13-51
116            android:exported="false" />
116-->src/main/AndroidManifest.xml:87:13-37
117        <activity
117-->src/main/AndroidManifest.xml:88:9-96:20
118            android:name="com.example.cpen321mappost.MainActivity"
118-->src/main/AndroidManifest.xml:89:13-41
119            android:exported="true" >
119-->src/main/AndroidManifest.xml:90:13-36
120            <intent-filter>
120-->src/main/AndroidManifest.xml:91:13-95:29
121                <action android:name="android.intent.action.MAIN" />
121-->src/main/AndroidManifest.xml:92:17-69
121-->src/main/AndroidManifest.xml:92:25-66
122
123                <category android:name="android.intent.category.LAUNCHER" />
123-->src/main/AndroidManifest.xml:94:17-77
123-->src/main/AndroidManifest.xml:94:27-74
124            </intent-filter>
125        </activity>
126
127        <service
127-->[com.google.firebase:firebase-analytics-ktx:21.4.0] AndroidManifest.xml:8:9-14:19
128            android:name="com.google.firebase.components.ComponentDiscoveryService"
128-->[com.google.firebase:firebase-analytics-ktx:21.4.0] AndroidManifest.xml:9:13-84
129            android:directBootAware="true"
129-->[com.google.firebase:firebase-common:20.4.2] AndroidManifest.xml:32:13-43
130            android:exported="false" >
130-->[com.google.firebase:firebase-analytics-ktx:21.4.0] AndroidManifest.xml:10:13-37
131            <meta-data
131-->[com.google.firebase:firebase-analytics-ktx:21.4.0] AndroidManifest.xml:11:13-13:85
132                android:name="com.google.firebase.components:com.google.firebase.analytics.ktx.FirebaseAnalyticsLegacyRegistrar"
132-->[com.google.firebase:firebase-analytics-ktx:21.4.0] AndroidManifest.xml:12:17-129
133                android:value="com.google.firebase.components.ComponentRegistrar" />
133-->[com.google.firebase:firebase-analytics-ktx:21.4.0] AndroidManifest.xml:13:17-82
134            <meta-data
134-->[com.google.firebase:firebase-auth:22.2.0] AndroidManifest.xml:69:13-71:85
135                android:name="com.google.firebase.components:com.google.firebase.auth.FirebaseAuthRegistrar"
135-->[com.google.firebase:firebase-auth:22.2.0] AndroidManifest.xml:70:17-109
136                android:value="com.google.firebase.components.ComponentRegistrar" />
136-->[com.google.firebase:firebase-auth:22.2.0] AndroidManifest.xml:71:17-82
137            <meta-data
137-->[com.google.firebase:firebase-messaging:23.3.1] AndroidManifest.xml:57:13-59:85
138                android:name="com.google.firebase.components:com.google.firebase.messaging.FirebaseMessagingKtxRegistrar"
138-->[com.google.firebase:firebase-messaging:23.3.1] AndroidManifest.xml:58:17-122
139                android:value="com.google.firebase.components.ComponentRegistrar" />
139-->[com.google.firebase:firebase-messaging:23.3.1] AndroidManifest.xml:59:17-82
140            <meta-data
140-->[com.google.firebase:firebase-messaging:23.3.1] AndroidManifest.xml:60:13-62:85
141                android:name="com.google.firebase.components:com.google.firebase.messaging.FirebaseMessagingRegistrar"
141-->[com.google.firebase:firebase-messaging:23.3.1] AndroidManifest.xml:61:17-119
142                android:value="com.google.firebase.components.ComponentRegistrar" />
142-->[com.google.firebase:firebase-messaging:23.3.1] AndroidManifest.xml:62:17-82
143            <meta-data
143-->[com.google.android.gms:play-services-measurement-api:21.4.0] AndroidManifest.xml:31:13-33:85
144                android:name="com.google.firebase.components:com.google.firebase.analytics.connector.internal.AnalyticsConnectorRegistrar"
144-->[com.google.android.gms:play-services-measurement-api:21.4.0] AndroidManifest.xml:32:17-139
145                android:value="com.google.firebase.components.ComponentRegistrar" />
145-->[com.google.android.gms:play-services-measurement-api:21.4.0] AndroidManifest.xml:33:17-82
146            <meta-data
146-->[com.google.firebase:firebase-installations:17.2.0] AndroidManifest.xml:15:13-17:85
147                android:name="com.google.firebase.components:com.google.firebase.installations.FirebaseInstallationsKtxRegistrar"
147-->[com.google.firebase:firebase-installations:17.2.0] AndroidManifest.xml:16:17-130
148                android:value="com.google.firebase.components.ComponentRegistrar" />
148-->[com.google.firebase:firebase-installations:17.2.0] AndroidManifest.xml:17:17-82
149            <meta-data
149-->[com.google.firebase:firebase-installations:17.2.0] AndroidManifest.xml:18:13-20:85
150                android:name="com.google.firebase.components:com.google.firebase.installations.FirebaseInstallationsRegistrar"
150-->[com.google.firebase:firebase-installations:17.2.0] AndroidManifest.xml:19:17-127
151                android:value="com.google.firebase.components.ComponentRegistrar" />
151-->[com.google.firebase:firebase-installations:17.2.0] AndroidManifest.xml:20:17-82
152            <meta-data
152-->[com.google.firebase:firebase-common-ktx:20.4.2] AndroidManifest.xml:12:13-14:85
153                android:name="com.google.firebase.components:com.google.firebase.ktx.FirebaseCommonLegacyRegistrar"
153-->[com.google.firebase:firebase-common-ktx:20.4.2] AndroidManifest.xml:13:17-116
154                android:value="com.google.firebase.components.ComponentRegistrar" />
154-->[com.google.firebase:firebase-common-ktx:20.4.2] AndroidManifest.xml:14:17-82
155            <meta-data
155-->[com.google.firebase:firebase-common:20.4.2] AndroidManifest.xml:35:13-37:85
156                android:name="com.google.firebase.components:com.google.firebase.FirebaseCommonKtxRegistrar"
156-->[com.google.firebase:firebase-common:20.4.2] AndroidManifest.xml:36:17-109
157                android:value="com.google.firebase.components.ComponentRegistrar" />
157-->[com.google.firebase:firebase-common:20.4.2] AndroidManifest.xml:37:17-82
158            <meta-data
158-->[com.google.firebase:firebase-datatransport:18.1.7] AndroidManifest.xml:27:13-29:85
159                android:name="com.google.firebase.components:com.google.firebase.datatransport.TransportRegistrar"
159-->[com.google.firebase:firebase-datatransport:18.1.7] AndroidManifest.xml:28:17-115
160                android:value="com.google.firebase.components.ComponentRegistrar" />
160-->[com.google.firebase:firebase-datatransport:18.1.7] AndroidManifest.xml:29:17-82
161        </service>
162
163        <activity
163-->[com.google.firebase:firebase-auth:22.2.0] AndroidManifest.xml:29:9-46:20
164            android:name="com.google.firebase.auth.internal.GenericIdpActivity"
164-->[com.google.firebase:firebase-auth:22.2.0] AndroidManifest.xml:30:13-80
165            android:excludeFromRecents="true"
165-->[com.google.firebase:firebase-auth:22.2.0] AndroidManifest.xml:31:13-46
166            android:exported="true"
166-->[com.google.firebase:firebase-auth:22.2.0] AndroidManifest.xml:32:13-36
167            android:launchMode="singleTask"
167-->[com.google.firebase:firebase-auth:22.2.0] AndroidManifest.xml:33:13-44
168            android:theme="@android:style/Theme.Translucent.NoTitleBar" >
168-->[com.google.firebase:firebase-auth:22.2.0] AndroidManifest.xml:34:13-72
169            <intent-filter>
169-->[com.google.firebase:firebase-auth:22.2.0] AndroidManifest.xml:35:13-45:29
170                <action android:name="android.intent.action.VIEW" />
170-->[com.google.firebase:firebase-auth:22.2.0] AndroidManifest.xml:36:17-69
170-->[com.google.firebase:firebase-auth:22.2.0] AndroidManifest.xml:36:25-66
171
172                <category android:name="android.intent.category.DEFAULT" />
172-->[com.google.firebase:firebase-auth:22.2.0] AndroidManifest.xml:38:17-76
172-->[com.google.firebase:firebase-auth:22.2.0] AndroidManifest.xml:38:27-73
173                <category android:name="android.intent.category.BROWSABLE" />
173-->[com.google.firebase:firebase-auth:22.2.0] AndroidManifest.xml:39:17-78
173-->[com.google.firebase:firebase-auth:22.2.0] AndroidManifest.xml:39:27-75
174
175                <data
175-->[com.google.firebase:firebase-auth:22.2.0] AndroidManifest.xml:41:17-44:51
176                    android:host="firebase.auth"
176-->[com.google.firebase:firebase-auth:22.2.0] AndroidManifest.xml:42:21-49
177                    android:path="/"
177-->[com.google.firebase:firebase-auth:22.2.0] AndroidManifest.xml:43:21-37
178                    android:scheme="genericidp" />
178-->[com.google.firebase:firebase-auth:22.2.0] AndroidManifest.xml:44:21-48
179            </intent-filter>
180        </activity>
181        <activity
181-->[com.google.firebase:firebase-auth:22.2.0] AndroidManifest.xml:47:9-64:20
182            android:name="com.google.firebase.auth.internal.RecaptchaActivity"
182-->[com.google.firebase:firebase-auth:22.2.0] AndroidManifest.xml:48:13-79
183            android:excludeFromRecents="true"
183-->[com.google.firebase:firebase-auth:22.2.0] AndroidManifest.xml:49:13-46
184            android:exported="true"
184-->[com.google.firebase:firebase-auth:22.2.0] AndroidManifest.xml:50:13-36
185            android:launchMode="singleTask"
185-->[com.google.firebase:firebase-auth:22.2.0] AndroidManifest.xml:51:13-44
186            android:theme="@android:style/Theme.Translucent.NoTitleBar" >
186-->[com.google.firebase:firebase-auth:22.2.0] AndroidManifest.xml:52:13-72
187            <intent-filter>
187-->[com.google.firebase:firebase-auth:22.2.0] AndroidManifest.xml:53:13-63:29
188                <action android:name="android.intent.action.VIEW" />
188-->[com.google.firebase:firebase-auth:22.2.0] AndroidManifest.xml:36:17-69
188-->[com.google.firebase:firebase-auth:22.2.0] AndroidManifest.xml:36:25-66
189
190                <category android:name="android.intent.category.DEFAULT" />
190-->[com.google.firebase:firebase-auth:22.2.0] AndroidManifest.xml:38:17-76
190-->[com.google.firebase:firebase-auth:22.2.0] AndroidManifest.xml:38:27-73
191                <category android:name="android.intent.category.BROWSABLE" />
191-->[com.google.firebase:firebase-auth:22.2.0] AndroidManifest.xml:39:17-78
191-->[com.google.firebase:firebase-auth:22.2.0] AndroidManifest.xml:39:27-75
192
193                <data
193-->[com.google.firebase:firebase-auth:22.2.0] AndroidManifest.xml:41:17-44:51
194                    android:host="firebase.auth"
194-->[com.google.firebase:firebase-auth:22.2.0] AndroidManifest.xml:42:21-49
195                    android:path="/"
195-->[com.google.firebase:firebase-auth:22.2.0] AndroidManifest.xml:43:21-37
196                    android:scheme="recaptcha" />
196-->[com.google.firebase:firebase-auth:22.2.0] AndroidManifest.xml:44:21-48
197            </intent-filter>
198        </activity>
199
200        <receiver
200-->[com.google.firebase:firebase-messaging:23.3.1] AndroidManifest.xml:29:9-40:20
201            android:name="com.google.firebase.iid.FirebaseInstanceIdReceiver"
201-->[com.google.firebase:firebase-messaging:23.3.1] AndroidManifest.xml:30:13-78
202            android:exported="true"
202-->[com.google.firebase:firebase-messaging:23.3.1] AndroidManifest.xml:31:13-36
203            android:permission="com.google.android.c2dm.permission.SEND" >
203-->[com.google.firebase:firebase-messaging:23.3.1] AndroidManifest.xml:32:13-73
204            <intent-filter>
204-->[com.google.firebase:firebase-messaging:23.3.1] AndroidManifest.xml:33:13-35:29
205                <action android:name="com.google.android.c2dm.intent.RECEIVE" />
205-->[com.google.firebase:firebase-messaging:23.3.1] AndroidManifest.xml:34:17-81
205-->[com.google.firebase:firebase-messaging:23.3.1] AndroidManifest.xml:34:25-78
206            </intent-filter>
207
208            <meta-data
208-->[com.google.firebase:firebase-messaging:23.3.1] AndroidManifest.xml:37:13-39:40
209                android:name="com.google.android.gms.cloudmessaging.FINISHED_AFTER_HANDLED"
209-->[com.google.firebase:firebase-messaging:23.3.1] AndroidManifest.xml:38:17-92
210                android:value="true" />
210-->[com.google.firebase:firebase-messaging:23.3.1] AndroidManifest.xml:39:17-37
211        </receiver>
212        <!--
213             FirebaseMessagingService performs security checks at runtime,
214             but set to not exported to explicitly avoid allowing another app to call it.
215        -->
216        <service
216-->[com.google.firebase:firebase-messaging:23.3.1] AndroidManifest.xml:46:9-53:19
217            android:name="com.google.firebase.messaging.FirebaseMessagingService"
217-->[com.google.firebase:firebase-messaging:23.3.1] AndroidManifest.xml:47:13-82
218            android:directBootAware="true"
218-->[com.google.firebase:firebase-messaging:23.3.1] AndroidManifest.xml:48:13-43
219            android:exported="false" >
219-->[com.google.firebase:firebase-messaging:23.3.1] AndroidManifest.xml:49:13-37
220            <intent-filter android:priority="-500" >
220-->[com.google.firebase:firebase-messaging:23.3.1] AndroidManifest.xml:50:13-52:29
220-->[com.google.firebase:firebase-messaging:23.3.1] AndroidManifest.xml:50:28-51
221                <action android:name="com.google.firebase.MESSAGING_EVENT" />
221-->[com.google.firebase:firebase-messaging:23.3.1] AndroidManifest.xml:51:17-78
221-->[com.google.firebase:firebase-messaging:23.3.1] AndroidManifest.xml:51:25-75
222            </intent-filter>
223        </service>
224
225        <activity
225-->[com.google.android.gms:play-services-auth:20.7.0] AndroidManifest.xml:23:9-27:75
226            android:name="com.google.android.gms.auth.api.signin.internal.SignInHubActivity"
226-->[com.google.android.gms:play-services-auth:20.7.0] AndroidManifest.xml:24:13-93
227            android:excludeFromRecents="true"
227-->[com.google.android.gms:play-services-auth:20.7.0] AndroidManifest.xml:25:13-46
228            android:exported="false"
228-->[com.google.android.gms:play-services-auth:20.7.0] AndroidManifest.xml:26:13-37
229            android:theme="@android:style/Theme.Translucent.NoTitleBar" />
229-->[com.google.android.gms:play-services-auth:20.7.0] AndroidManifest.xml:27:13-72
230        <!--
231            Service handling Google Sign-In user revocation. For apps that do not integrate with
232            Google Sign-In, this service will never be started.
233        -->
234        <service
234-->[com.google.android.gms:play-services-auth:20.7.0] AndroidManifest.xml:33:9-37:51
235            android:name="com.google.android.gms.auth.api.signin.RevocationBoundService"
235-->[com.google.android.gms:play-services-auth:20.7.0] AndroidManifest.xml:34:13-89
236            android:exported="true"
236-->[com.google.android.gms:play-services-auth:20.7.0] AndroidManifest.xml:35:13-36
237            android:permission="com.google.android.gms.auth.api.signin.permission.REVOCATION_NOTIFICATION"
237-->[com.google.android.gms:play-services-auth:20.7.0] AndroidManifest.xml:36:13-107
238            android:visibleToInstantApps="true" /> <!-- Needs to be explicitly declared on P+ -->
238-->[com.google.android.gms:play-services-auth:20.7.0] AndroidManifest.xml:37:13-48
239        <uses-library
239-->[com.google.android.gms:play-services-maps:18.2.0] AndroidManifest.xml:39:9-41:40
240            android:name="org.apache.http.legacy"
240-->[com.google.android.gms:play-services-maps:18.2.0] AndroidManifest.xml:40:13-50
241            android:required="false" />
241-->[com.google.android.gms:play-services-maps:18.2.0] AndroidManifest.xml:41:13-37
242
243        <activity
243-->[com.google.android.gms:play-services-base:18.0.1] AndroidManifest.xml:20:9-22:45
244            android:name="com.google.android.gms.common.api.GoogleApiActivity"
244-->[com.google.android.gms:play-services-base:18.0.1] AndroidManifest.xml:20:19-85
245            android:exported="false"
245-->[com.google.android.gms:play-services-base:18.0.1] AndroidManifest.xml:22:19-43
246            android:theme="@android:style/Theme.Translucent.NoTitleBar" />
246-->[com.google.android.gms:play-services-base:18.0.1] AndroidManifest.xml:21:19-78
247
248        <provider
248-->[com.google.firebase:firebase-common:20.4.2] AndroidManifest.xml:23:9-28:39
249            android:name="com.google.firebase.provider.FirebaseInitProvider"
249-->[com.google.firebase:firebase-common:20.4.2] AndroidManifest.xml:24:13-77
250            android:authorities="com.example.cpen321mappost.firebaseinitprovider"
250-->[com.google.firebase:firebase-common:20.4.2] AndroidManifest.xml:25:13-72
251            android:directBootAware="true"
251-->[com.google.firebase:firebase-common:20.4.2] AndroidManifest.xml:26:13-43
252            android:exported="false"
252-->[com.google.firebase:firebase-common:20.4.2] AndroidManifest.xml:27:13-37
253            android:initOrder="100" />
253-->[com.google.firebase:firebase-common:20.4.2] AndroidManifest.xml:28:13-36
254
255        <receiver
255-->[com.google.android.gms:play-services-measurement:21.4.0] AndroidManifest.xml:29:9-33:20
256            android:name="com.google.android.gms.measurement.AppMeasurementReceiver"
256-->[com.google.android.gms:play-services-measurement:21.4.0] AndroidManifest.xml:30:13-85
257            android:enabled="true"
257-->[com.google.android.gms:play-services-measurement:21.4.0] AndroidManifest.xml:31:13-35
258            android:exported="false" >
258-->[com.google.android.gms:play-services-measurement:21.4.0] AndroidManifest.xml:32:13-37
259        </receiver>
260
261        <service
261-->[com.google.android.gms:play-services-measurement:21.4.0] AndroidManifest.xml:35:9-38:40
262            android:name="com.google.android.gms.measurement.AppMeasurementService"
262-->[com.google.android.gms:play-services-measurement:21.4.0] AndroidManifest.xml:36:13-84
263            android:enabled="true"
263-->[com.google.android.gms:play-services-measurement:21.4.0] AndroidManifest.xml:37:13-35
264            android:exported="false" />
264-->[com.google.android.gms:play-services-measurement:21.4.0] AndroidManifest.xml:38:13-37
265        <service
265-->[com.google.android.gms:play-services-measurement:21.4.0] AndroidManifest.xml:39:9-43:72
266            android:name="com.google.android.gms.measurement.AppMeasurementJobService"
266-->[com.google.android.gms:play-services-measurement:21.4.0] AndroidManifest.xml:40:13-87
267            android:enabled="true"
267-->[com.google.android.gms:play-services-measurement:21.4.0] AndroidManifest.xml:41:13-35
268            android:exported="false"
268-->[com.google.android.gms:play-services-measurement:21.4.0] AndroidManifest.xml:42:13-37
269            android:permission="android.permission.BIND_JOB_SERVICE" />
269-->[com.google.android.gms:play-services-measurement:21.4.0] AndroidManifest.xml:43:13-69
270
271        <uses-library
271-->[androidx.privacysandbox.ads:ads-adservices:1.0.0-beta05] AndroidManifest.xml:23:9-25:40
272            android:name="android.ext.adservices"
272-->[androidx.privacysandbox.ads:ads-adservices:1.0.0-beta05] AndroidManifest.xml:24:13-50
273            android:required="false" />
273-->[androidx.privacysandbox.ads:ads-adservices:1.0.0-beta05] AndroidManifest.xml:25:13-37
274
275        <meta-data
275-->[com.google.android.gms:play-services-basement:18.2.0] AndroidManifest.xml:21:9-23:69
276            android:name="com.google.android.gms.version"
276-->[com.google.android.gms:play-services-basement:18.2.0] AndroidManifest.xml:22:13-58